     1                                 %line 1+1 division.asm
     2                                 
     3                                 
     4                                 [section .data]
     5 00000000 00743BA40B000000        num1 dq 50000000000
     6 00000008 D5DC3200                num2 dd 3333333
     7 0000000C 00000000                quotient dd 0
     8 00000010 00000000                remainder dd 0
     9                                 
    10                                 [section .text]
    11                                 [global _start]
    12                                 
    13                                 _start:
    14 00000000 8B1425[02000000]        mov edx, dword[num1 + 2]
    15 00000007 8B0425[00000000]        mov eax, dword[num1 + 0]
    16 0000000E 66F73425[00000000]      div word[num2]
    17 00000016 890425[00000000]        mov dword[quotient], eax
    18 0000001D 891425[00000000]        mov dword[remainder], edx
    19                                 
    20                                 
    21                                 
    22                                 
    23 00000024 48C7C03C000000          mov rax, 60
    24 0000002B 48C7C700000000          mov rdi, 0
    25 00000032 0F05                    syscall
    26                                 
    27                                 
