     1                                 %line 1+1 hello.asm
     2                                 
     3                                 
     4                                 
     5                                 
     6                                 [section .data]
     7 00000000 48656C6C6F2C20576F-     text db "Hello, World!", 10
     8 00000000 726C64210A         
     9                                 
    10                                 [section .text]
    11                                 [global _start]
    12                                 
    13                                 
    14                                 _start:
    15 00000000 48C7C001000000          mov rax, 1
    16 00000007 48C7C701000000          mov rdi, 1
    17 0000000E 48C7C6[00000000]        mov rsi, text
    18 00000015 48C7C20E000000          mov rdx, 14
    19 0000001C 0F05                    syscall
    20                                 
    21 0000001E 48C7C03C000000          mov rax, 60
    22 00000025 48C7C700000000          mov rdi, 0
    23 0000002C 0F05                    syscall
    24                                 
    25                                 
    26                                 
    27                                 
    28                                 
    29                                 
    30                                 
