     1                                 %line 1+1 addition.asm
     2                                 
     3                                 
     4                                 
     5                                 
     6                                 
     7                                 [section .data]
     8 00000000 50C3                    num1 dw 50000
     9 00000002 409C                    num2 dw 40000
    10 00000004 00000000                sum dd 0
    11                                 [section .text]
    12                                 [global _start]
    13                                 _start:
    14 00000000 66BA0000                mov dx, 0
    15 00000004 668B0425[00000000]      mov ax, word[num1]
    16 0000000C 66030425[00000000]      add ax, word[num2]
    17 00000014 6683D200                adc dx, 0
    18 00000018 66890425[00000000]      mov word[sum+0], ax
    19 00000020 66891425[02000000]      mov word[sum+2], dx
    20                                 
    21 00000028 48C7C03C000000          Mov rax, 60
    22 0000002F 48C7C700000000          mov rdi, 0
    23 00000036 0F05                    syscall
    24                                 
    25                                 
